Assembler report for top_de0_cv
Thu May 15 01:13:55 2025
Quartus Prime Version 18.1.0 Build 625 09/12/2018 SJ Lite Edition


---------------------
; Table of Contents ;
---------------------
  1. Legal Notice
  2. Assembler Summary
  3. Assembler Settings
  4. Assembler Generated Files
  5. Assembler Device Options: C:/Users/calvi/OneDrive - The University of Auckland/Uni Work/Part III/Semester One/COMPSYS 305/Home/COMPYSYS-305--Project-Repo/Project Components/ParentProject/output_files/top_de0_cv.sof
  6. Assembler Device Options: C:/Users/calvi/OneDrive - The University of Auckland/Uni Work/Part III/Semester One/COMPSYS 305/Home/COMPYSYS-305--Project-Repo/Project Components/ParentProject/output_files/top_de0_cv.pof
  7. Assembler Messages



----------------
; Legal Notice ;
----------------
Copyright (C) 2018  Intel Corporation. All rights reserved.
Your use of Intel Corporation's design tools, logic functions 
and other software and tools, and its AMPP partner logic 
functions, and any output files from any of the foregoing 
(including device programming or simulation files), and any 
associated documentation or information are expressly subject 
to the terms and conditions of the Intel Program License 
Subscription Agreement, the Intel Quartus Prime License Agreement,
the Intel FPGA IP License Agreement, or other applicable license
agreement, including, without limitation, that your use is for
the sole purpose of programming logic devices manufactured by
Intel and sold by Intel or its authorized distributors.  Please
refer to the applicable agreement for further details.



+---------------------------------------------------------------+
; Assembler Summary                                             ;
+-----------------------+---------------------------------------+
; Assembler Status      ; Successful - Thu May 15 01:13:55 2025 ;
; Revision Name         ; top_de0_cv                            ;
; Top-level Entity Name ; de0_cv_top                            ;
; Family                ; Cyclone V                             ;
; Device                ; 5CEBA4F23C7                           ;
+-----------------------+---------------------------------------+


+----------------------------------+
; Assembler Settings               ;
+--------+---------+---------------+
; Option ; Setting ; Default Value ;
+--------+---------+---------------+


+----------------------------------------------------------------------------------------------------------------------------------------------------------------------------------------------+
; Assembler Generated Files                                                                                                                                                                    ;
+----------------------------------------------------------------------------------------------------------------------------------------------------------------------------------------------+
; File Name                                                                                                                                                                                    ;
+----------------------------------------------------------------------------------------------------------------------------------------------------------------------------------------------+
; C:/Users/calvi/OneDrive - The University of Auckland/Uni Work/Part III/Semester One/COMPSYS 305/Home/COMPYSYS-305--Project-Repo/Project Components/ParentProject/output_files/top_de0_cv.sof ;
; C:/Users/calvi/OneDrive - The University of Auckland/Uni Work/Part III/Semester One/COMPSYS 305/Home/COMPYSYS-305--Project-Repo/Project Components/ParentProject/output_files/top_de0_cv.pof ;
+----------------------------------------------------------------------------------------------------------------------------------------------------------------------------------------------+


+------------------------------------------------------------------------------------------------------------------------------------------------------------------------------------------------------------------------+
; Assembler Device Options: C:/Users/calvi/OneDrive - The University of Auckland/Uni Work/Part III/Semester One/COMPSYS 305/Home/COMPYSYS-305--Project-Repo/Project Components/ParentProject/output_files/top_de0_cv.sof ;
+----------------+-------------------------------------------------------------------------------------------------------------------------------------------------------------------------------------------------------+
; Option         ; Setting                                                                                                                                                                                               ;
+----------------+-------------------------------------------------------------------------------------------------------------------------------------------------------------------------------------------------------+
; JTAG usercode  ; 0x005831FD                                                                                                                                                                                            ;
; Checksum       ; 0x005831FD                                                                                                                                                                                            ;
+----------------+-------------------------------------------------------------------------------------------------------------------------------------------------------------------------------------------------------+


+------------------------------------------------------------------------------------------------------------------------------------------------------------------------------------------------------------------------+
; Assembler Device Options: C:/Users/calvi/OneDrive - The University of Auckland/Uni Work/Part III/Semester One/COMPSYS 305/Home/COMPYSYS-305--Project-Repo/Project Components/ParentProject/output_files/top_de0_cv.pof ;
+--------------------+---------------------------------------------------------------------------------------------------------------------------------------------------------------------------------------------------+
; Option             ; Setting                                                                                                                                                                                           ;
+--------------------+---------------------------------------------------------------------------------------------------------------------------------------------------------------------------------------------------+
; JTAG usercode      ; 0x00000000                                                                                                                                                                                        ;
; Checksum           ; 0x749CDDEB                                                                                                                                                                                        ;
; Compression Ratio  ; 3                                                                                                                                                                                                 ;
+--------------------+---------------------------------------------------------------------------------------------------------------------------------------------------------------------------------------------------+


+--------------------+
; Assembler Messages ;
+--------------------+
Info: *******************************************************************
Info: Running Quartus Prime Assembler
    Info: Version 18.1.0 Build 625 09/12/2018 SJ Lite Edition
    Info: Processing started: Thu May 15 01:13:52 2025
Info: Command: quartus_asm --read_settings_files=off --write_settings_files=off ParentProject -c top_de0_cv
Warning (125092): Tcl Script File V/img_index.qip not found
    Info (125063): set_global_assignment -name QIP_FILE V/img_index.qip
Warning (125092): Tcl Script File V/img_data.qip not found
    Info (125063): set_global_assignment -name QIP_FILE V/img_data.qip
Warning (125092): Tcl Script File V/vga_pll.qip not found
    Info (125063): set_global_assignment -name QIP_FILE V/vga_pll.qip
Warning (125092): Tcl Script File V/vga_pll.sip not found
    Info (125063): set_global_assignment -name SIP_FILE V/vga_pll.sip
Warning (125092): Tcl Script File V/img_index.qip not found
    Info (125063): set_global_assignment -name QIP_FILE V/img_index.qip
Warning (125092): Tcl Script File V/img_data.qip not found
    Info (125063): set_global_assignment -name QIP_FILE V/img_data.qip
Warning (125092): Tcl Script File V/vga_pll.qip not found
    Info (125063): set_global_assignment -name QIP_FILE V/vga_pll.qip
Warning (125092): Tcl Script File V/vga_pll.sip not found
    Info (125063): set_global_assignment -name SIP_FILE V/vga_pll.sip
Warning (18236): Number of processors has not been specified which may cause overloading on shared machines.  Set the global assignment NUM_PARALLEL_PROCESSORS in your QSF to an appropriate value for best performance.
Info (115030): Assembler is generating device programming files
Info: Quartus Prime Assembler was successful. 0 errors, 9 warnings
    Info: Peak virtual memory: 4820 megabytes
    Info: Processing ended: Thu May 15 01:13:55 2025
    Info: Elapsed time: 00:00:03
    Info: Total CPU time (on all processors): 00:00:03


