Analysis & Synthesis report for top_de0_cv
Mon May 12 18:00:53 2025
Quartus Prime Version 24.1std.0 Build 1077 03/04/2025 SC Lite Edition


---------------------
; Table of Contents ;
---------------------
  1. Legal Notice
  2. Analysis & Synthesis Summary
  3. Analysis & Synthesis Settings
  4. Parallel Compilation
  5. Analysis & Synthesis Messages



----------------
; Legal Notice ;
----------------
Copyright (C) 2025  Altera Corporation. All rights reserved.
Your use of Altera Corporation's design tools, logic functions 
and other software and tools, and any partner logic 
functions, and any output files from any of the foregoing 
(including device programming or simulation files), and any 
associated documentation or information are expressly subject 
to the terms and conditions of the Altera Program License 
Subscription Agreement, the Altera Quartus Prime License Agreement,
the Altera IP License Agreement, or other applicable license
agreement, including, without limitation, that your use is for
the sole purpose of programming logic devices manufactured by
Altera and sold by Altera or its authorized distributors.  Please
refer to the Altera Software License Subscription Agreements 
on the Quartus Prime software download page.



+-------------------------------------------------------------------------------+
; Analysis & Synthesis Summary                                                  ;
+-----------------------------+-------------------------------------------------+
; Analysis & Synthesis Status ; Failed - Mon May 12 18:00:53 2025               ;
; Quartus Prime Version       ; 24.1std.0 Build 1077 03/04/2025 SC Lite Edition ;
; Revision Name               ; top_de0_cv                                      ;
; Top-level Entity Name       ; de0_cv_top                                      ;
; Family                      ; Cyclone V                                       ;
; Logic utilization (in ALMs) ; N/A until Partition Merge                       ;
; Total registers             ; N/A until Partition Merge                       ;
; Total pins                  ; N/A until Partition Merge                       ;
; Total virtual pins          ; N/A until Partition Merge                       ;
; Total block memory bits     ; N/A until Partition Merge                       ;
; Total PLLs                  ; N/A until Partition Merge                       ;
; Total DLLs                  ; N/A until Partition Merge                       ;
+-----------------------------+-------------------------------------------------+


+---------------------------------------------------------------------------------------------------------------------------+
; Analysis & Synthesis Settings                                                                                             ;
+---------------------------------------------------------------------------------+--------------------+--------------------+
; Option                                                                          ; Setting            ; Default Value      ;
+---------------------------------------------------------------------------------+--------------------+--------------------+
; Device                                                                          ; 5CEBA4F23C7        ;                    ;
; Top-level entity name                                                           ; de0_cv_top         ; top_de0_cv         ;
; Family name                                                                     ; Cyclone V          ; Cyclone V          ;
; Optimization Technique                                                          ; Speed              ; Balanced           ;
; Use smart compilation                                                           ; Off                ; Off                ;
; Enable parallel Assembler and Timing Analyzer during compilation                ; On                 ; On                 ;
; Enable compact report table                                                     ; Off                ; Off                ;
; Restructure Multiplexers                                                        ; Auto               ; Auto               ;
; MLAB Add Timing Constraints For Mixed-Port Feed-Through Mode Setting Don't Care ; Off                ; Off                ;
; Create Debugging Nodes for IP Cores                                             ; Off                ; Off                ;
; Preserve fewer node names                                                       ; On                 ; On                 ;
; Intel FPGA IP Evaluation Mode                                                   ; Enable             ; Enable             ;
; Verilog Version                                                                 ; Verilog_2001       ; Verilog_2001       ;
; VHDL Version                                                                    ; VHDL_1993          ; VHDL_1993          ;
; State Machine Processing                                                        ; Auto               ; Auto               ;
; Safe State Machine                                                              ; Off                ; Off                ;
; Extract Verilog State Machines                                                  ; On                 ; On                 ;
; Extract VHDL State Machines                                                     ; On                 ; On                 ;
; Ignore Verilog initial constructs                                               ; Off                ; Off                ;
; Iteration limit for constant Verilog loops                                      ; 5000               ; 5000               ;
; Iteration limit for non-constant Verilog loops                                  ; 250                ; 250                ;
; Add Pass-Through Logic to Inferred RAMs                                         ; On                 ; On                 ;
; Infer RAMs from Raw Logic                                                       ; On                 ; On                 ;
; Parallel Synthesis                                                              ; On                 ; On                 ;
; DSP Block Balancing                                                             ; Auto               ; Auto               ;
; NOT Gate Push-Back                                                              ; On                 ; On                 ;
; Power-Up Don't Care                                                             ; On                 ; On                 ;
; Remove Redundant Logic Cells                                                    ; Off                ; Off                ;
; Remove Duplicate Registers                                                      ; On                 ; On                 ;
; Ignore CARRY Buffers                                                            ; Off                ; Off                ;
; Ignore CASCADE Buffers                                                          ; Off                ; Off                ;
; Ignore GLOBAL Buffers                                                           ; Off                ; Off                ;
; Ignore ROW GLOBAL Buffers                                                       ; Off                ; Off                ;
; Ignore LCELL Buffers                                                            ; Off                ; Off                ;
; Ignore SOFT Buffers                                                             ; On                 ; On                 ;
; Limit AHDL Integers to 32 Bits                                                  ; Off                ; Off                ;
; Carry Chain Length                                                              ; 70                 ; 70                 ;
; Auto Carry Chains                                                               ; On                 ; On                 ;
; Auto Open-Drain Pins                                                            ; On                 ; On                 ;
; Perform WYSIWYG Primitive Resynthesis                                           ; Off                ; Off                ;
; Auto ROM Replacement                                                            ; On                 ; On                 ;
; Auto RAM Replacement                                                            ; On                 ; On                 ;
; Auto DSP Block Replacement                                                      ; On                 ; On                 ;
; Auto Shift Register Replacement                                                 ; Auto               ; Auto               ;
; Allow Shift Register Merging across Hierarchies                                 ; Auto               ; Auto               ;
; Auto Clock Enable Replacement                                                   ; On                 ; On                 ;
; Strict RAM Replacement                                                          ; Off                ; Off                ;
; Allow Synchronous Control Signals                                               ; On                 ; On                 ;
; Force Use of Synchronous Clear Signals                                          ; Off                ; Off                ;
; Auto Resource Sharing                                                           ; Off                ; Off                ;
; Allow Any RAM Size For Recognition                                              ; Off                ; Off                ;
; Allow Any ROM Size For Recognition                                              ; Off                ; Off                ;
; Allow Any Shift Register Size For Recognition                                   ; Off                ; Off                ;
; Use LogicLock Constraints during Resource Balancing                             ; On                 ; On                 ;
; Ignore translate_off and synthesis_off directives                               ; Off                ; Off                ;
; Timing-Driven Synthesis                                                         ; On                 ; On                 ;
; Report Parameter Settings                                                       ; On                 ; On                 ;
; Report Source Assignments                                                       ; On                 ; On                 ;
; Report Connectivity Checks                                                      ; On                 ; On                 ;
; Ignore Maximum Fan-Out Assignments                                              ; Off                ; Off                ;
; Synchronization Register Chain Length                                           ; 3                  ; 3                  ;
; Power Optimization During Synthesis                                             ; Normal compilation ; Normal compilation ;
; HDL message level                                                               ; Level2             ; Level2             ;
; Suppress Register Optimization Related Messages                                 ; Off                ; Off                ;
; Number of Removed Registers Reported in Synthesis Report                        ; 5000               ; 5000               ;
; Number of Swept Nodes Reported in Synthesis Report                              ; 5000               ; 5000               ;
; Number of Inverted Registers Reported in Synthesis Report                       ; 100                ; 100                ;
; Clock MUX Protection                                                            ; On                 ; On                 ;
; Auto Gated Clock Conversion                                                     ; Off                ; Off                ;
; Block Design Naming                                                             ; Auto               ; Auto               ;
; SDC constraint protection                                                       ; Off                ; Off                ;
; Synthesis Effort                                                                ; Auto               ; Auto               ;
; Shift Register Replacement - Allow Asynchronous Clear Signal                    ; On                 ; On                 ;
; Pre-Mapping Resynthesis Optimization                                            ; Off                ; Off                ;
; Analysis & Synthesis Message Level                                              ; Medium             ; Medium             ;
; Disable Register Merging Across Hierarchies                                     ; Auto               ; Auto               ;
; Resource Aware Inference For Block RAM                                          ; On                 ; On                 ;
; Automatic Parallel Synthesis                                                    ; On                 ; On                 ;
; Partial Reconfiguration Bitstream ID                                            ; Off                ; Off                ;
+---------------------------------------------------------------------------------+--------------------+--------------------+


+------------------------------------------+
; Parallel Compilation                     ;
+----------------------------+-------------+
; Processors                 ; Number      ;
+----------------------------+-------------+
; Number detected on machine ; 12          ;
; Maximum allowed            ; 10          ;
;                            ;             ;
; Average used               ; 1.00        ;
; Maximum used               ; 1           ;
;                            ;             ;
; Usage by Processor         ; % Time Used ;
;     Processor 1            ; 100.0%      ;
+----------------------------+-------------+


+-------------------------------+
; Analysis & Synthesis Messages ;
+-------------------------------+
Info: *******************************************************************
Info: Running Quartus Prime Analysis & Synthesis
    Info: Version 24.1std.0 Build 1077 03/04/2025 SC Lite Edition
    Info: Processing started: Mon May 12 18:00:46 2025
Info: Command: quartus_map --read_settings_files=on --write_settings_files=off ParentProject -c top_de0_cv
Warning (125092): Tcl Script File V/img_index.qip not found
    Info (125063): set_global_assignment -name QIP_FILE V/img_index.qip
Warning (125092): Tcl Script File V/img_data.qip not found
    Info (125063): set_global_assignment -name QIP_FILE V/img_data.qip
Warning (125092): Tcl Script File V/vga_pll.qip not found
    Info (125063): set_global_assignment -name QIP_FILE V/vga_pll.qip
Warning (125092): Tcl Script File V/vga_pll.sip not found
    Info (125063): set_global_assignment -name SIP_FILE V/vga_pll.sip
Warning (18236): Number of processors has not been specified which may cause overloading on shared machines.  Set the global assignment NUM_PARALLEL_PROCESSORS in your QSF to an appropriate value for best performance.
Info (20030): Parallel compilation is enabled and will use 10 of the 10 processors detected
Warning (12019): Can't analyze file -- file V/video_sync_generator.v is missing
Warning (12019): Can't analyze file -- file V/vga_controller.v is missing
Warning (12019): Can't analyze file -- file V/SEG7_LUT_6.v is missing
Warning (12019): Can't analyze file -- file V/SEG7_LUT.v is missing
Warning (12019): Can't analyze file -- file V/Reset_Delay.v is missing
Info (12021): Found 2 design units, including 1 entities, in source file vhdl_files/vga_sync.vhd
    Info (12022): Found design unit 1: VGA_SYNC-a File: C:/Users/mikae/Documents/School_documents/Year_3/COMPSYS_305/COMPYSYS-305--Project-Repo/Project Components/ParentProject/VHDL_files/vga_sync.vhd Line: 13
    Info (12023): Found entity 1: VGA_SYNC File: C:/Users/mikae/Documents/School_documents/Year_3/COMPSYS_305/COMPYSYS-305--Project-Repo/Project Components/ParentProject/VHDL_files/vga_sync.vhd Line: 7
Info (12021): Found 2 design units, including 1 entities, in source file vhdl_files/mouse.vhd
    Info (12022): Found design unit 1: MOUSE-behavior File: C:/Users/mikae/Documents/School_documents/Year_3/COMPSYS_305/COMPYSYS-305--Project-Repo/Project Components/ParentProject/VHDL_files/mouse.vhd Line: 18
    Info (12023): Found entity 1: MOUSE File: C:/Users/mikae/Documents/School_documents/Year_3/COMPSYS_305/COMPYSYS-305--Project-Repo/Project Components/ParentProject/VHDL_files/mouse.vhd Line: 9
Info (12021): Found 2 design units, including 1 entities, in source file vhdl_files/de0_cv_top.vhd
    Info (12022): Found design unit 1: de0_cv_top-rtl File: C:/Users/mikae/Documents/School_documents/Year_3/COMPSYS_305/COMPYSYS-305--Project-Repo/Project Components/ParentProject/VHDL_files/de0_cv_top.vhd Line: 24
    Info (12023): Found entity 1: de0_cv_top File: C:/Users/mikae/Documents/School_documents/Year_3/COMPSYS_305/COMPYSYS-305--Project-Repo/Project Components/ParentProject/VHDL_files/de0_cv_top.vhd Line: 5
Info (12021): Found 2 design units, including 1 entities, in source file vhdl_files/char_rom.vhd
    Info (12022): Found design unit 1: char_rom-SYN File: C:/Users/mikae/Documents/School_documents/Year_3/COMPSYS_305/COMPYSYS-305--Project-Repo/Project Components/ParentProject/VHDL_files/char_rom.vhd Line: 20
    Info (12023): Found entity 1: char_rom File: C:/Users/mikae/Documents/School_documents/Year_3/COMPSYS_305/COMPYSYS-305--Project-Repo/Project Components/ParentProject/VHDL_files/char_rom.vhd Line: 9
Info (12021): Found 2 design units, including 1 entities, in source file vhdl_files/bouncy_ball.vhd
    Info (12022): Found design unit 1: bouncy_ball-behavior File: C:/Users/mikae/Documents/School_documents/Year_3/COMPSYS_305/COMPYSYS-305--Project-Repo/Project Components/ParentProject/VHDL_files/bouncy_ball.vhd Line: 15
    Info (12023): Found entity 1: bouncy_ball File: C:/Users/mikae/Documents/School_documents/Year_3/COMPSYS_305/COMPYSYS-305--Project-Repo/Project Components/ParentProject/VHDL_files/bouncy_ball.vhd Line: 7
Error (10482): VHDL error at de0_cv_top.vhd(206): object "to_integer" is used but not declared File: C:/Users/mikae/Documents/School_documents/Year_3/COMPSYS_305/COMPYSYS-305--Project-Repo/Project Components/ParentProject/VHDL_files/de0_cv_top.vhd Line: 206
Error (10482): VHDL error at de0_cv_top.vhd(207): object "to_integer" is used but not declared File: C:/Users/mikae/Documents/School_documents/Year_3/COMPSYS_305/COMPYSYS-305--Project-Repo/Project Components/ParentProject/VHDL_files/de0_cv_top.vhd Line: 207
Error: Quartus Prime Analysis & Synthesis was unsuccessful. 2 errors, 10 warnings
    Error: Peak virtual memory: 4870 megabytes
    Error: Processing ended: Mon May 12 18:00:53 2025
    Error: Elapsed time: 00:00:07
    Error: Total CPU time (on all processors): 00:00:15


